[debug] [2024-03-20T09:10:40.453Z] ----------------------------------------------------------------------
[debug] [2024-03-20T09:10:40.454Z] Command:       /usr/local/bin/node /usr/local/bin/firebase init
[debug] [2024-03-20T09:10:40.454Z] CLI Version:   13.5.2
[debug] [2024-03-20T09:10:40.454Z] Platform:      darwin
[debug] [2024-03-20T09:10:40.454Z] Node Version:  v20.11.1
[debug] [2024-03-20T09:10:40.454Z] Time:          Wed Mar 20 2024 20:10:40 GMT+1100 (Australian Eastern Daylight Time)
[debug] [2024-03-20T09:10:40.454Z] ----------------------------------------------------------------------
[debug] 
[debug] [2024-03-20T09:10:40.487Z] > command requires scopes: ["email","openid","https://www.googleapis.com/auth/cloudplatformprojects.readonly","https://www.googleapis.com/auth/firebase","https://www.googleapis.com/auth/cloud-platform"]
[debug] [2024-03-20T09:10:40.487Z] > authorizing via signed-in user (cherishmibiyeshkaxox@gmail.com)
[info] 
     ######## #### ########  ######## ########     ###     ######  ########
     ##        ##  ##     ## ##       ##     ##  ##   ##  ##       ##
     ######    ##  ########  ######   ########  #########  ######  ######
     ##        ##  ##    ##  ##       ##     ## ##     ##       ## ##
     ##       #### ##     ## ######## ########  ##     ##  ######  ########

You're about to initialize a Firebase project in this directory:

  /Users/cherishmibiyeshka/Documents/Projects/Netflix clone/react-netflix

Before we get started, keep in mind:

  * You are initializing within an existing Firebase project directory

[info] 
=== Project Setup
[info] 
[info] First, let's associate this project directory with a Firebase project.
[info] You can create multiple project aliases by running firebase use --add, 
[info] but for now we'll just set up a default project.
[info] 
[debug] [2024-03-20T09:10:59.781Z] Using project from CLI flag: react-netflix-588f7
[debug] [2024-03-20T09:10:59.783Z] >>> [apiv2][query] GET https://firebase.googleapis.com/v1beta1/projects/react-netflix-588f7 [none]
[debug] [2024-03-20T09:11:01.924Z] <<< [apiv2][status] GET https://firebase.googleapis.com/v1beta1/projects/react-netflix-588f7 403
[debug] [2024-03-20T09:11:01.925Z] <<< [apiv2][body] GET https://firebase.googleapis.com/v1beta1/projects/react-netflix-588f7 {"error":{"code":403,"message":"The caller does not have permission","status":"PERMISSION_DENIED"}}
[debug] [2024-03-20T09:11:01.925Z] HTTP Error: 403, The caller does not have permission
[debug] [2024-03-20T09:11:02.200Z] FirebaseError: HTTP Error: 403, The caller does not have permission
    at responseToError (/usr/local/lib/node_modules/firebase-tools/lib/responseToError.js:49:12)
    at RetryOperation._fn (/usr/local/lib/node_modules/firebase-tools/lib/apiv2.js:297:77)
    at process.processTicksAndRejections (node:internal/process/task_queues:95:5)
[error] 
[error] Error: Failed to get Firebase project react-netflix-588f7. Please make sure the project exists and your account has permission to access it.
